<?xml version="1.0" encoding="UTF-8"?>
<!-- Generated by org.testng.reporters.JUnitXMLReporter -->
<testsuite ignored="0" hostname="LAPTOP-HHCMMKH1" failures="1" tests="1" name="Test" time="0.062" errors="0" timestamp="2022-11-14T22:42:01 IST">
  <testcase classname="testngpack.ChooseBrowser" name="opeanBrowser" time="0.031">
    <failure type="java.lang.IllegalStateException" message="The driver executable must exist: C:\Users\SATISH CHIKHALE\Desktop\WCSA3\qspautomation\,\drivers\chromedriver.exe">
      <![CDATA[java.lang.IllegalStateException: The driver executable must exist: C:\Users\SATISH CHIKHALE\Desktop\WCSA3\qspautomation\,\drivers\chromedriver.exe
at org.openqa.selenium.internal.Require$FileStateChecker.isFile(Require.java:342)
at org.openqa.selenium.remote.service.DriverService.checkExecutable(DriverService.java:147)
at org.openqa.selenium.remote.service.DriverService.findExecutable(DriverService.java:142)
at org.openqa.selenium.chrome.ChromeDriverService.access$000(ChromeDriverService.java:39)
at org.openqa.selenium.chrome.ChromeDriverService$Builder.findDefaultExecutable(ChromeDriverService.java:233)
at org.openqa.selenium.remote.service.DriverService$Builder.build(DriverService.java:437)
at org.openqa.selenium.chrome.ChromeDriverService.createDefaultService(ChromeDriverService.java:128)
at org.openqa.selenium.chrome.ChromeDriver.<init>(ChromeDriver.java:49)
at testngpack.ChooseBrowser.opeanBrowser(ChooseBrowser.java:24)
at java.base/java.util.ArrayList.forEach(ArrayList.java:1511)
... Removed 27 stack frames]]>
    </failure>
  </testcase> <!-- opeanBrowser -->
</testsuite> <!-- Test -->
